
ROM used: 162 (2%)
          162 (2%) including unused fragments

          0 Average locations per line
          7 Average locations per statement

RAM used: 7 (2%) at main() level
          8 (2%) worst case

Stack used: 1 worst case (out of 8 total available)

Lines Stmts  %   Files
----- ----- ---  -----
  107    24 100  mainLed.c
  326     0   0  ..\..\..\..\..\..\..\..\Program Files (x86)\PICC\devices\16F877A.h
----- -----
  433    24 Total

Page ROM  %  RAM   Vol Diff  Functions:
---- --- --- ---   --- ----  ----------
0     21  13   1             @delay_ms1
0    137  85   1   581  2.9  main

Program metrics:
    Functions               1
    Statements              24
    Comments                143
    Volume (V)              583
    Difficilty (D)          2.8
    Effort to implement (E) 1647
    Time to implement (T)   2 minutes
    Est Delivered Bugs (B)  0
    Cyclomatic Complexity   1
    Maintainability (MI)    70

 Segment     Used  Free
-----------  ----  ----
00000-00003     4  0  
00004-007FF   158  1886  
00800-00FFF     0  2048  
01000-017FF     0  2048  
01800-01FFF     0  2048  



