
ROM used: 229 (3%)
          229 (3%) including unused fragments

          1 Average locations per line
          6 Average locations per statement

RAM used: 6 (2%) at main() level
          9 (2%) worst case

Stack used: 2 worst case (out of 8 total available)

Lines Stmts  %   Files
----- ----- ---  -----
   71    39 100  mainSemaforo.c
  326     0   0  ..\..\..\..\..\..\..\..\Program Files (x86)\PICC\devices\16F877A.h
----- -----
  397    39 Total

Page ROM  %  RAM   Vol Diff  Functions:
---- --- --- ---   --- ----  ----------
0     21   9   1             @delay_ms1
0    111  48   1   569  3.4  semaforo
0     93  41   0   339  2.8  MAIN

Program metrics:
    Functions               2
    Statements              39
    Comments                76
    Volume (V)              1068
    Difficilty (D)          6.1
    Effort to implement (E) 6516
    Time to implement (T)   6 minutes
    Est Delivered Bugs (B)  0
    Cyclomatic Complexity   1
    Maintainability (MI)    84

 Segment     Used  Free
-----------  ----  ----
00000-00003     4  0  
00004-007FF   225  1819  
00800-00FFF     0  2048  
01000-017FF     0  2048  
01800-01FFF     0  2048  



