
ROM used: 146 (2%)
          146 (2%) including unused fragments

          0 Average locations per line
          8 Average locations per statement

RAM used: 13 (4%) at main() level
          13 (4%) worst case

Stack used: 1 worst case (out of 8 total available)

Lines Stmts  %   Files
----- ----- ---  -----
   52    18 100  mainIntExt.c
  326     0   0  ..\..\Program Files (x86)\PICC\devices\16F877A.h
----- -----
  378    18 Total

Page ROM  %  RAM   Vol Diff  Functions:
---- --- --- ---   --- ----  ----------
0     10   7   0    37  1.1  EXT_isr
0     89  61   0   362  2.8  MAIN

Program metrics:
    Functions               2
    Statements              18
    Comments                78
    Volume (V)              446
    Difficilty (D)          4.1
    Effort to implement (E) 1811
    Time to implement (T)   2 minutes
    Est Delivered Bugs (B)  0
    Cyclomatic Complexity   1
    Maintainability (MI)    95

 Segment     Used  Free
-----------  ----  ----
00000-00003     4  0  
00004-0002E    43  0  
0002F-007FF    99  1902  
00800-00FFF     0  2048  
01000-017FF     0  2048  
01800-01FFF     0  2048  



