
ROM used: 101 (1%)
          101 (1%) including unused fragments

          0 Average locations per line
          7 Average locations per statement

RAM used: 6 (2%) at main() level
          6 (2%) worst case

Stack used: 0 worst case (out of 8 total available)

Lines Stmts  %   Files
----- ----- ---  -----
   42    15 100  mainPWMDelay.c
  326     0   0  ..\..\Program Files (x86)\PICC\devices\16F877A.h
----- -----
  368    15 Total

Page ROM  %  RAM   Vol Diff  Functions:
---- --- --- ---   --- ----  ----------
0     97  96   0   336  2.8  main

Program metrics:
    Functions               1
    Statements              15
    Comments                80
    Volume (V)              336
    Difficilty (D)          2.8
    Effort to implement (E) 945
    Time to implement (T)   1 minutes
    Est Delivered Bugs (B)  0
    Cyclomatic Complexity   1
    Maintainability (MI)    145

 Segment     Used  Free
-----------  ----  ----
00000-00003     4  0  
00004-007FF    97  1947  
00800-00FFF     0  2048  
01000-017FF     0  2048  
01800-01FFF     0  2048  



