
ROM used: 203 (2%)
          203 (2%) including unused fragments

          1 Average locations per line
          9 Average locations per statement

RAM used: 8 (2%) at main() level
          9 (2%) worst case

Stack used: 1 worst case (out of 8 total available)

Lines Stmts  %   Files
----- ----- ---  -----
   48    22 100  PWMmain.c
  326     0   0  ..\..\..\..\..\..\..\..\Program Files (x86)\PICC\devices\16F877A.h
----- -----
  374    22 Total

Page ROM  %  RAM   Vol Diff  Functions:
---- --- --- ---   --- ----  ----------
0     20  10   1             @delay_ms1
0    179  88   0   603  5.8  main

Program metrics:
    Functions               1
    Statements              22
    Comments                76
    Volume (V)              605
    Difficilty (D)          5.6
    Effort to implement (E) 3407
    Time to implement (T)   3 minutes
    Est Delivered Bugs (B)  0
    Cyclomatic Complexity   2
    Maintainability (MI)    128

 Segment     Used  Free
-----------  ----  ----
00000-00003     4  0  
00004-007FF   199  1845  
00800-00FFF     0  2048  
01000-017FF     0  2048  
01800-01FFF     0  2048  



