
ROM used: 152 (2%)
          152 (2%) including unused fragments

          0 Average locations per line
          12 Average locations per statement

RAM used: 15 (4%) at main() level
          16 (4%) worst case

Stack used: 2 worst case (out of 8 total available)

Lines Stmts  %   Files
----- ----- ---  -----
   44    13 100  receptorImfraVer.c
  326     0   0  ..\Program Files (x86)\PICC\devices\16F877A.h
----- -----
  370    13 Total

Page ROM  %  RAM   Vol Diff  Functions:
---- --- --- ---   --- ----  ----------
0     23  15   1             @delay_ms1
0     17  11   0    42  1.4  ccp1_isr
0     63  41   0   228  4.1  MAIN

Program metrics:
    Functions               2
    Statements              13
    Comments                83
    Volume (V)              315
    Difficilty (D)          5.4
    Effort to implement (E) 1705
    Time to implement (T)   2 minutes
    Est Delivered Bugs (B)  0
    Cyclomatic Complexity   1
    Maintainability (MI)    88

 Segment     Used  Free
-----------  ----  ----
00000-00003     4  0  
00004-00030    45  0  
00031-007FF   103  1896  
00800-00FFF     0  2048  
01000-017FF     0  2048  
01800-01FFF     0  2048  



