
ROM used: 279 (3%)
          279 (3%) including unused fragments

          1 Average locations per line
          6 Average locations per statement

RAM used: 7 (2%) at main() level
          8 (2%) worst case

Stack used: 1 worst case (out of 8 total available)

Lines Stmts  %   Files
----- ----- ---  -----
   82    45 100  semaforo.c
  326     0   0  ..\Program Files (x86)\PICC\devices\16F877A.h
----- -----
  408    45 Total

Page ROM  %  RAM   Vol Diff  Functions:
---- --- --- ---   --- ----  ----------
0     21   8   1             @delay_ms1
0    254  91   1  1198  2.9  main

Program metrics:
    Functions               1
    Statements              45
    Comments                78
    Volume (V)              1201
    Difficilty (D)          2.9
    Effort to implement (E) 3485
    Time to implement (T)   3 minutes
    Est Delivered Bugs (B)  0
    Cyclomatic Complexity   1
    Maintainability (MI)    117

 Segment     Used  Free
-----------  ----  ----
00000-00003     4  0  
00004-007FF   275  1769  
00800-00FFF     0  2048  
01000-017FF     0  2048  
01800-01FFF     0  2048  



