
ROM used: 170 (2%)
          170 (2%) including unused fragments

          0 Average locations per line
          8 Average locations per statement

RAM used: 14 (4%) at main() level
          14 (4%) worst case

Stack used: 1 worst case (out of 8 total available)

Lines Stmts  %   Files
----- ----- ---  -----
   55    21 100  mainRadio.c
  326     0   0  ..\..\..\..\..\..\..\..\Program Files (x86)\PICC\devices\16F877A.h
----- -----
  381    21 Total

Page ROM  %  RAM   Vol Diff  Functions:
---- --- --- ---   --- ----  ----------
0      8   5   0    24  1.5  RDA_isr
0    113  66   0   450  4.3  MAIN

Program metrics:
    Functions               2
    Statements              21
    Comments                76
    Volume (V)              515
    Difficilty (D)          6.0
    Effort to implement (E) 3106
    Time to implement (T)   3 minutes
    Est Delivered Bugs (B)  0
    Cyclomatic Complexity   2
    Maintainability (MI)    98

 Segment     Used  Free
-----------  ----  ----
00000-00003     4  0  
00004-00030    45  0  
00031-007FF   121  1878  
00800-00FFF     0  2048  
01000-017FF     0  2048  
01800-01FFF     0  2048  



