
ROM used: 225 (3%)
          225 (3%) including unused fragments

          1 Average locations per line
          15 Average locations per statement

RAM used: 14 (4%) at main() level
          19 (5%) worst case

Stack used: 2 worst case (out of 8 total available)

Lines Stmts  %   Files
----- ----- ---  -----
   47    15 100  serialProcessing.c
  326     0   0  ..\..\Program Files (x86)\PICC\devices\16F877A.h
----- -----
  373    15 Total

Page ROM  %  RAM   Vol Diff  Functions:
---- --- --- ---   --- ----  ----------
0     22  10   1             @delay_ms1
0    120  53   0   403  4.6  main
0     21   9   3             @DIV88
0     58  26   2             @PRINTF_U_9600_62_63

Program metrics:
    Functions               1
    Statements              15
    Comments                81
    Volume (V)              410
    Difficilty (D)          4.2
    Effort to implement (E) 1734
    Time to implement (T)   2 minutes
    Est Delivered Bugs (B)  0
    Cyclomatic Complexity   1
    Maintainability (MI)    145

 Segment     Used  Free
-----------  ----  ----
00000-00003     4  0  
00004-007FF   221  1823  
00800-00FFF     0  2048  
01000-017FF     0  2048  
01800-01FFF     0  2048  



