
ROM used: 442 (5%)
          442 (5%) including unused fragments

          1 Average locations per line
          21 Average locations per statement

RAM used: 171 (46%) at main() level
          171 (46%) worst case

Stack used: 0 worst case (out of 8 total available)

Lines Stmts  %   Files
----- ----- ---  -----
   68    21 100  tarefaPWM.c
  326     0   0  ..\Program Files (x86)\PICC\devices\16F877A.h
----- -----
  394    21 Total

Page ROM  %  RAM   Vol Diff  Functions:
---- --- --- ---   --- ----  ----------
0    438  99   4   660  5.4  main

Program metrics:
    Functions               1
    Statements              21
    Comments                77
    Volume (V)              660
    Difficilty (D)          5.4
    Effort to implement (E) 3562
    Time to implement (T)   3 minutes
    Est Delivered Bugs (B)  0
    Cyclomatic Complexity   2
    Maintainability (MI)    130

 Segment     Used  Free
-----------  ----  ----
00000-00003     4  0  
00004-007FF   438  1606  
00800-00FFF     0  2048  
01000-017FF     0  2048  
01800-01FFF     0  2048  



