
ROM used: 146 (2%)
          146 (2%) including unused fragments

          0 Average locations per line
          8 Average locations per statement

RAM used: 14 (4%) at main() level
          14 (4%) worst case

Stack used: 1 worst case (out of 8 total available)

Lines Stmts  %   Files
----- ----- ---  -----
   49    18 100  PiscaInterruptMain.c
  326     0   0  ..\..\..\..\..\..\..\..\Program Files (x86)\PICC\devices\16F877A.h
----- -----
  375    18 Total

Page ROM  %  RAM   Vol Diff  Functions:
---- --- --- ---   --- ----  ----------
0     15  10   0    82  2.8  RTCC_isr
0     84  58   0   285  2.8  MAIN

Program metrics:
    Functions               2
    Statements              18
    Comments                76
    Volume (V)              431
    Difficilty (D)          5.8
    Effort to implement (E) 2507
    Time to implement (T)   2 minutes
    Est Delivered Bugs (B)  0
    Cyclomatic Complexity   1
    Maintainability (MI)    101

 Segment     Used  Free
-----------  ----  ----
00000-00003     4  0  
00004-0002E    43  0  
0002F-007FF    99  1902  
00800-00FFF     0  2048  
01000-017FF     0  2048  
01800-01FFF     0  2048  



