
ROM used: 201 (2%)
          201 (2%) including unused fragments

          0 Average locations per line
          4 Average locations per statement

RAM used: 7 (2%) at main() level
          9 (2%) worst case

Stack used: 2 worst case (out of 8 total available)

Lines Stmts  %   Files
----- ----- ---  -----
  124    57 100  servoMaxMin.c
  326     0   0  ..\..\Program Files (x86)\PICC\devices\16F877A.h
----- -----
  450    57 Total

Page ROM  %  RAM   Vol Diff  Functions:
---- --- --- ---   --- ----  ----------
0     21  10   1             @delay_ms1
0     15   7   1             @delay_us1
0     33  16   2   163  3.1  Rotation0
0     38  19   2   163  3.1  Rotation180
0     90  45   1   321  2.8  MAIN

Program metrics:
    Functions               3
    Statements              57
    Comments                99
    Volume (V)              853
    Difficilty (D)          8.8
    Effort to implement (E) 7523
    Time to implement (T)   7 minutes
    Est Delivered Bugs (B)  0
    Cyclomatic Complexity   2
    Maintainability (MI)    119

 Segment     Used  Free
-----------  ----  ----
00000-00003     4  0  
00004-007FF   197  1847  
00800-00FFF     0  2048  
01000-017FF     0  2048  
01800-01FFF     0  2048  



