
ROM used: 136 (2%)
          136 (2%) including unused fragments

          0 Average locations per line
          8 Average locations per statement

RAM used: 7 (2%) at main() level
          8 (2%) worst case

Stack used: 1 worst case (out of 8 total available)

Lines Stmts  %   Files
----- ----- ---  -----
   38    16 100  mainSerial.c
  326     0   0  ..\..\..\..\..\..\..\..\Program Files (x86)\PICC\devices\16F877A.h
----- -----
  364    16 Total

Page ROM  %  RAM   Vol Diff  Functions:
---- --- --- ---   --- ----  ----------
0     22  16   1             @delay_ms1
0    110  81   1   406  3.3  main

Program metrics:
    Functions               1
    Statements              16
    Comments                75
    Volume (V)              409
    Difficilty (D)          3.2
    Effort to implement (E) 1321
    Time to implement (T)   1 minutes
    Est Delivered Bugs (B)  0
    Cyclomatic Complexity   1
    Maintainability (MI)    132

 Segment     Used  Free
-----------  ----  ----
00000-00003     4  0  
00004-007FF   132  1912  
00800-00FFF     0  2048  
01000-017FF     0  2048  
01800-01FFF     0  2048  



