
ROM used: 179 (2%)
          179 (2%) including unused fragments

          0 Average locations per line
          8 Average locations per statement

RAM used: 14 (4%) at main() level
          14 (4%) worst case

Stack used: 1 worst case (out of 8 total available)

Lines Stmts  %   Files
----- ----- ---  -----
   56    23 100  mainControleRemoto.c
  326     0   0  ..\..\..\..\..\..\..\..\Program Files (x86)\PICC\devices\16F877A.h
----- -----
  382    23 Total

Page ROM  %  RAM   Vol Diff  Functions:
---- --- --- ---   --- ----  ----------
0     35  20   0   147  2.6  CCP1_isr
0     95  53   0   323  2.8  MAIN

Program metrics:
    Functions               2
    Statements              23
    Comments                76
    Volume (V)              559
    Difficilty (D)          5.5
    Effort to implement (E) 3068
    Time to implement (T)   3 minutes
    Est Delivered Bugs (B)  0
    Cyclomatic Complexity   1
    Maintainability (MI)    96

 Segment     Used  Free
-----------  ----  ----
00000-00003     4  0  
00004-00030    45  0  
00031-007FF   130  1869  
00800-00FFF     0  2048  
01000-017FF     0  2048  
01800-01FFF     0  2048  



