
ROM used: 334 (4%)
          334 (4%) including unused fragments

          1 Average locations per line
          14 Average locations per statement

RAM used: 88 (24%) at main() level
          88 (24%) worst case

Stack used: 1 worst case (out of 8 total available)

Lines Stmts  %   Files
----- ----- ---  -----
  137    24 100  SenoRetaTriMain.c
  326     0   0  ..\..\..\..\..\..\..\..\Program Files (x86)\PICC\devices\16F877A.h
----- -----
  463    24 Total

Page ROM  %  RAM   Vol Diff  Functions:
---- --- --- ---   --- ----  ----------
0     22   7   1             @delay_ms1
0     15   4   1             @delay_us1
0    293  88   1   687  5.3  main

Program metrics:
    Functions               1
    Statements              24
    Comments                76
    Volume (V)              692
    Difficilty (D)          5.1
    Effort to implement (E) 3532
    Time to implement (T)   3 minutes
    Est Delivered Bugs (B)  0
    Cyclomatic Complexity   2
    Maintainability (MI)    125

 Segment     Used  Free
-----------  ----  ----
00000-00003     4  0  
00004-007FF   330  1714  
00800-00FFF     0  2048  
01000-017FF     0  2048  
01800-01FFF     0  2048  



