
ROM used: 256 (3%)
          256 (3%) including unused fragments

          0 Average locations per line
          3 Average locations per statement

RAM used: 6 (2%) at main() level
          12 (3%) worst case

Stack used: 2 worst case (out of 8 total available)

Lines Stmts  %   Files
----- ----- ---  -----
   10     1   1  mainPrimeira.c
   40     0   0  DuasPlacas.c
  326     0   0  ..\..\..\..\..\..\..\..\Program Files (x86)\PICC\devices\16F877A.h
  165    72  86  mod_lcd.c
   14    11  13  setup.c
----- -----
  555    84 Total

Page ROM  %  RAM   Vol Diff  Functions:
---- --- --- ---   --- ----  ----------
0     20   8   1             @delay_ms1
0      8   3   0   212  2.3  @const69
0     39  15   1   260  1.9  lcd_envia_nibble
 Inline        3   176  2.7  lcd_envia_byte
0     92  36   2   433  4.3  lcd_ini
0     93  36   0   277  2.3  MAIN

Program metrics:
    Functions               5
    Statements              84
    Comments                135
    Volume (V)              1966
    Difficilty (D)          13.4
    Effort to implement (E) 26256
    Time to implement (T)   24 minutes
    Est Delivered Bugs (B)  0
    Cyclomatic Complexity   2
    Maintainability (MI)    143

 Segment     Used  Free
-----------  ----  ----
00000-00003     4  0  
00004-007FF   252  1792  
00800-00FFF     0  2048  
01000-017FF     0  2048  
01800-01FFF     0  2048  



