
ROM used: 1048 (13%)
          1048 (13%) including unused fragments

          2 Average locations per line
          8 Average locations per statement

RAM used: 14 (4%) at main() level
          31 (8%) worst case

Stack used: 6 worst case (out of 8 total available)

Lines Stmts  %   Files
----- ----- ---  -----
  107    56  42  mainLCD_I2C.c
  326     0   0  ..\..\..\..\..\..\..\..\Program Files (x86)\PICC\devices\16F877A.h
  211    77  58  i2c_Flex_LCD.c
----- -----
  644   133 Total

Page ROM  %  RAM   Vol Diff  Functions:
---- --- --- ---   --- ----  ----------
0     21   2   1             @delay_ms1
0     74   7   1             @I2C_WRITE_1
0      8   1   1    63  2.3  lcd_backlight_led
0     77   7   3   574  5.9  i2c_send_nibble
0     67   6   3   149  2.8  lcd_send_byte
0     10   1   0    61  1.9  lcd_clear
0      8   1   0             @const92
0    113  11   5   902  5.8  lcd_init
0     56   5   7   681  8.0  lcd_gotoxy
0     38   4   1   310  5.9  LCD_PUTC
0    337  32   2  2115  4.4  MAIN
0      7   1   0             @const107
0     70   7   3             @PSTRINGC7_102
0      8   1   0             @const109
0      8   1   0             @const110
0      8   1   0             @const111
0      5   0   0             @const112
0      4   0   0             @const113
0      6   1   0             @const114
0      6   1   0             @const115
0      6   1   0             @const117
0      5   0   0             @const118
0     16   2   0             @const123
0     39   4   2             @PSTRINGC_102
0      8   1   0             @const125
0      9   1   0             @const127
0     15   1   0             @const128
0     15   1   0             @const129

Program metrics:
    Functions               8
    Statements              133
    Comments                173
    Volume (V)              6829
    Difficilty (D)          36.2
    Effort to implement (E) 247496
    Time to implement (T)   3 hours, 49 minutes
    Est Delivered Bugs (B)  1
    Cyclomatic Complexity   18
    Maintainability (MI)    130

 Segment     Used  Free
-----------  ----  ----
00000-00003     4  0  
00004-007FF  1044  1000  
00800-00FFF     0  2048  
01000-017FF     0  2048  
01800-01FFF     0  2048  



