
ROM used: 153 (2%)
          153 (2%) including unused fragments

          0 Average locations per line
          5 Average locations per statement

RAM used: 7 (2%) at main() level
          8 (2%) worst case

Stack used: 0 worst case (out of 8 total available)

Lines Stmts  %   Files
----- ----- ---  -----
   72    28 100  mainLeds.c
  326     0   0  ..\..\Program Files (x86)\PICC\devices\16F877A.h
----- -----
  398    28 Total

Page ROM  %  RAM   Vol Diff  Functions:
---- --- --- ---   --- ----  ----------
0    149  97   1   732  6.2  main

Program metrics:
    Functions               1
    Statements              28
    Comments                86
    Volume (V)              732
    Difficilty (D)          6.2
    Effort to implement (E) 4571
    Time to implement (T)   4 minutes
    Est Delivered Bugs (B)  0
    Cyclomatic Complexity   6
    Maintainability (MI)    130

 Segment     Used  Free
-----------  ----  ----
00000-00003     4  0  
00004-007FF   149  1895  
00800-00FFF     0  2048  
01000-017FF     0  2048  
01800-01FFF     0  2048  



