
ROM used: 282 (3%)
          282 (3%) including unused fragments

          1 Average locations per line
          9 Average locations per statement

RAM used: 58 (16%) at main() level
          58 (16%) worst case

Stack used: 0 worst case (out of 8 total available)

Lines Stmts  %   Files
----- ----- ---  -----
  110    30 100  SenoideMain.c
  326     0   0  ..\..\..\..\..\..\..\..\Program Files (x86)\PICC\devices\16F877A.h
----- -----
  436    30 Total

Page ROM  %  RAM   Vol Diff  Functions:
---- --- --- ---   --- ----  ----------
0    278  99   2  1061  7.3  main

Program metrics:
    Functions               1
    Statements              30
    Comments                76
    Volume (V)              1061
    Difficilty (D)          7.3
    Effort to implement (E) 7746
    Time to implement (T)   7 minutes
    Est Delivered Bugs (B)  0
    Cyclomatic Complexity   4
    Maintainability (MI)    119

 Segment     Used  Free
-----------  ----  ----
00000-00003     4  0  
00004-007FF   278  1766  
00800-00FFF     0  2048  
01000-017FF     0  2048  
01800-01FFF     0  2048  



