
ROM used: 1032 (13%)
          1032 (13%) including unused fragments

          2 Average locations per line
          9 Average locations per statement

RAM used: 34 (9%) at main() level
          50 (14%) worst case

Stack used: 5 worst case (out of 8 total available)

Lines Stmts  %   Files
----- ----- ---  -----
  120    49  40  mainMotor.c
  326     0   0  ..\..\..\..\..\..\..\..\Program Files (x86)\PICC\devices\16F877A.h
  165    72  60  mod_lcd.c
----- -----
  611   121 Total

Page ROM  %  RAM   Vol Diff  Functions:
---- --- --- ---   --- ----  ----------
0     20   2   1             @delay_ms1
0     15   1   1             @delay_us1
0      8   1   0    39  2.0  @const66
0     39   4   1   260  1.9  lcd_envia_nibble
0     33   3   3   176  2.7  lcd_envia_byte
0     61   6   2   433  4.3  lcd_ini
 Inline        4   186  5.5  lcd_pos_xy
0     56   5   1   290  4.1  lcd_escreve
0     46   4   0    39  2.0  EXT_isr
 Inline        2             @MUL88
0     47   5   1   271  5.5  TIMER1_isr
0     73   7   5   213  4.3  Rotation
0    218  21   1   891  5.3  MAIN
0     10   1   0  1322  6.8  @const106
0     70   7   3             @PSTRINGC7_81
0      8   1   0             @const108
0      8   1   0             @const109
0     78   8   4             @PSTRINGCN7_81
0     21   2   3             @DIV88
0     55   5   2             @PRINTF_U_81
0      7   1   0             @const118
0    103  10   6             @PRINTF_D_81

Program metrics:
    Functions               11
    Statements              121
    Comments                123
    Volume (V)              6336
    Difficilty (D)          44.2
    Effort to implement (E) 280264
    Time to implement (T)   4 hours, 20 minutes
    Est Delivered Bugs (B)  1
    Cyclomatic Complexity   16
    Maintainability (MI)    54

 Segment     Used  Free
-----------  ----  ----
00000-00003     4  0  
00004-00037    52  0  
00038-007FF   976  1016  
00800-00FFF     0  2048  
01000-017FF     0  2048  
01800-01FFF     0  2048  



