
ROM used: 1406 (17%)
          1406 (17%) including unused fragments

          3 Average locations per line
          14 Average locations per statement

RAM used: 16 (4%) at main() level
          38 (10%) worst case

Stack used: 4 worst case (out of 8 total available)

Lines Stmts  %   Files
----- ----- ---  -----
   68    25  26  mainLCD_AD.c
  326     0   0  ..\..\..\..\..\..\..\..\Program Files (x86)\PICC\devices\16F877A.h
  165    72  74  mod_lcd.c
----- -----
  559    97 Total

Page ROM  %  RAM   Vol Diff  Functions:
---- --- --- ---   --- ----  ----------
0     20   1   1             @delay_ms1
0      8   1   0   260  1.9  @const66
0     39   3   1   260  1.9  lcd_envia_nibble
0     33   2   3   176  2.7  lcd_envia_byte
0     61   4   2   433  4.3  lcd_ini
 Inline        4   186  5.5  lcd_pos_xy
0     56   4   1   290  4.1  lcd_escreve
0    248  18  10   833  4.3  MAIN
0     10   1   0             @const92
0     70   5   3             @PSTRINGC7_81
0      9   1   0             @const94
0     10   1   0             @const95
0     78   6   4             @PSTRINGCN7_81
0    101   7   9             @PRINTF_LU_81
0     31   2   2             @ITOF
0    117   8  13             @MULFF
0    204  15  14             @DIVFF
0      8   1   0             @const108
 Inline        5             @FTOSD
0     66   5  13             @DIV3232
0    233  17  13             @PRINTF_L32D_81FPFPF

Program metrics:
    Functions               7
    Statements              97
    Comments                122
    Volume (V)              3667
    Difficilty (D)          23.1
    Effort to implement (E) 84567
    Time to implement (T)   1 hours, 18 minutes
    Est Delivered Bugs (B)  1
    Cyclomatic Complexity   8
    Maintainability (MI)    105

 Segment     Used  Free
-----------  ----  ----
00000-00003     4  0  
00004-007FF  1402  642  
00800-00FFF     0  2048  
01000-017FF     0  2048  
01800-01FFF     0  2048  



