
ROM used: 139 (2%)
          139 (2%) including unused fragments

          0 Average locations per line
          10 Average locations per statement

RAM used: 13 (4%) at main() level
          13 (4%) worst case

Stack used: 1 worst case (out of 8 total available)

Lines Stmts  %   Files
----- ----- ---  -----
   49    14 100  interrupcao.c
  326     0   0  ..\Program Files (x86)\PICC\devices\16F877A.h
----- -----
  375    14 Total

Page ROM  %  RAM   Vol Diff  Functions:
---- --- --- ---   --- ----  ----------
0      9   6   0    21  0.9  EXT_isr
0     83  60   0   285  2.8  MAIN

Program metrics:
    Functions               2
    Statements              14
    Comments                78
    Volume (V)              340
    Difficilty (D)          4.0
    Effort to implement (E) 1343
    Time to implement (T)   1 minutes
    Est Delivered Bugs (B)  0
    Cyclomatic Complexity   1
    Maintainability (MI)    100

 Segment     Used  Free
-----------  ----  ----
00000-00003     4  0  
00004-0002E    43  0  
0002F-007FF    92  1909  
00800-00FFF     0  2048  
01000-017FF     0  2048  
01800-01FFF     0  2048  



