CCS PCM C Compiler, Version 4.104, 5967               29-fev-24 18:05

               Filename: C:\Micro\interrupcao.lst

               ROM used: 139 words (2%)
                         Largest free fragment is 2048
               RAM used: 13 (4%) at main() level
                         13 (4%) worst case
               Stack:    1 worst case (0 in main + 1 for interrupts)

*
0000:  MOVLW  00
0001:  MOVWF  0A
0002:  GOTO   038
0003:  NOP
0004:  MOVWF  7F
0005:  SWAPF  03,W
0006:  CLRF   03
0007:  MOVWF  21
0008:  MOVF   0A,W
0009:  MOVWF  20
000A:  CLRF   0A
000B:  MOVF   04,W
000C:  MOVWF  22
000D:  MOVF   77,W
000E:  MOVWF  23
000F:  MOVF   78,W
0010:  MOVWF  24
0011:  MOVF   79,W
0012:  MOVWF  25
0013:  MOVF   7A,W
0014:  MOVWF  26
0015:  BCF    03.7
0016:  BCF    03.5
0017:  BTFSS  0B.4
0018:  GOTO   01B
0019:  BTFSC  0B.1
001A:  GOTO   02C
001B:  MOVF   22,W
001C:  MOVWF  04
001D:  MOVF   23,W
001E:  MOVWF  77
001F:  MOVF   24,W
0020:  MOVWF  78
0021:  MOVF   25,W
0022:  MOVWF  79
0023:  MOVF   26,W
0024:  MOVWF  7A
0025:  MOVF   20,W
0026:  MOVWF  0A
0027:  SWAPF  21,W
0028:  MOVWF  03
0029:  SWAPF  7F,F
002A:  SWAPF  7F,W
002B:  RETFIE
002C:  BCF    0A.3
002D:  BCF    0A.4
002E:  GOTO   02F
.................... //#include "C:\Micro\interrupcao.h" 
.................... #include <16F877A.h> 
.................... //////// Standard Header file for the PIC16F877A device //////////////// 
.................... #device PIC16F877A 
.................... #list 
....................  
.................... #device adc=8 
....................  
.................... #FUSES NOWDT                    //No Watch Dog Timer 
.................... #FUSES HS                       //High speed Osc (> 4mhz for PCM/PCH) (>10mhz for PCD) 
.................... #FUSES NOPUT                    //No Power Up Timer 
.................... #FUSES NOPROTECT                //Code not protected from reading 
.................... #FUSES NODEBUG                  //No Debug mode for ICD 
.................... #FUSES BROWNOUT                 //Reset when brownout detected 
.................... #FUSES NOLVP                    //No low voltage prgming, B3(PIC16) or B5(PIC18) used for I/O 
.................... #FUSES NOCPD                    //No EE protection 
.................... #FUSES NOWRT                    //Program memory not write protected 
.................... #FUSES RESERVED                 //Used to set the reserved FUSE bits 
....................  
.................... #use delay(clock=20000000) 
....................  
....................  
.................... #int_EXT 
.................... void  EXT_isr(void)  
.................... { 
....................    output_toggle(PIN_D0); 
*
002F:  BSF    03.5
0030:  BCF    08.0
0031:  MOVLW  01
0032:  BCF    03.5
0033:  XORWF  08,F
.................... } 
....................  
....................  
....................  
0034:  BCF    0B.1
0035:  BCF    0A.3
0036:  BCF    0A.4
0037:  GOTO   01B
.................... void main() 
.................... { 
0038:  CLRF   04
0039:  BCF    03.7
003A:  MOVLW  1F
003B:  ANDWF  03,F
003C:  BSF    03.5
003D:  BSF    1F.0
003E:  BSF    1F.1
003F:  BSF    1F.2
0040:  BCF    1F.3
0041:  MOVLW  07
0042:  MOVWF  1C
....................  
....................    setup_adc_ports(NO_ANALOGS); 
*
0046:  BSF    03.5
0047:  BSF    1F.0
0048:  BSF    1F.1
0049:  BSF    1F.2
004A:  BCF    1F.3
....................    setup_adc(ADC_CLOCK_DIV_2); 
004B:  BCF    1F.6
004C:  BCF    03.5
004D:  BCF    1F.6
004E:  BCF    1F.7
004F:  BSF    03.5
0050:  BCF    1F.7
0051:  BCF    03.5
0052:  BSF    1F.0
....................    setup_psp(PSP_DISABLED); 
0053:  BSF    03.5
0054:  BCF    09.4
....................    setup_spi(SPI_SS_DISABLED); 
0055:  BCF    03.5
0056:  BCF    14.5
0057:  BCF    27.5
0058:  MOVF   27,W
0059:  BSF    03.5
005A:  MOVWF  07
005B:  BCF    03.5
005C:  BSF    27.4
005D:  MOVF   27,W
005E:  BSF    03.5
005F:  MOVWF  07
0060:  BCF    03.5
0061:  BCF    27.3
0062:  MOVF   27,W
0063:  BSF    03.5
0064:  MOVWF  07
0065:  MOVLW  01
0066:  BCF    03.5
0067:  MOVWF  14
0068:  MOVLW  00
0069:  BSF    03.5
006A:  MOVWF  14
....................    setup_timer_0(RTCC_INTERNAL|RTCC_DIV_1); 
006B:  MOVF   01,W
006C:  ANDLW  C7
006D:  IORLW  08
006E:  MOVWF  01
....................    setup_timer_1(T1_DISABLED); 
006F:  BCF    03.5
0070:  CLRF   10
....................    setup_timer_2(T2_DISABLED,0,1); 
0071:  MOVLW  00
0072:  MOVWF  78
0073:  MOVWF  12
0074:  MOVLW  00
0075:  BSF    03.5
0076:  MOVWF  12
....................    setup_comparator(NC_NC_NC_NC); 
0077:  MOVLW  07
0078:  MOVWF  1C
0079:  MOVF   05,W
007A:  MOVWF  05
007B:  MOVLW  10
007C:  MOVWF  77
007D:  DECFSZ 77,F
007E:  GOTO   07D
007F:  NOP
0080:  MOVF   1C,W
0081:  BCF    03.5
0082:  BCF    0D.6
....................    setup_vref(FALSE); 
0083:  BSF    03.5
0084:  CLRF   1D
....................    enable_interrupts(INT_EXT); 
0085:  BCF    03.5
0086:  BSF    0B.4
....................    enable_interrupts(GLOBAL); 
0087:  MOVLW  C0
0088:  IORWF  0B,F
....................  
....................  
....................    while(true){ 
....................     
....................    } 
0089:  GOTO   089
....................    // TODO: USER CODE!! 
....................  
.................... } 
008A:  SLEEP

Configuration Fuses:
   Word  1: 3F7A   HS NOWDT NOPUT NODEBUG NOPROTECT BROWNOUT NOLVP NOCPD NOWRT
